#
# An unexpected error has been detected by Java Runtime Environment:
#
#  Internal Error (4F533F57494E13123F414D4416140E4350500031), pid=12676, tid=11176
#
# Java VM: Java HotSpot(TM) 64-Bit Server VM (1.6.0-b105 mixed mode)
# If you would like to submit a bug report, please visit:
#   http://java.sun.com/webapps/bugreport/crash.jsp
#

---------------  T H R E A D  ---------------

Current thread (0x0000000003eef000):  JavaThread "main" [_thread_in_native, id=11176]

Stack: [0x0000000000030000,0x0000000001030000)
Java frames: (J=compiled Java code, j=interpreted, Vv=VM code)
J  com.mathworks.jmi.NativeMatlab.PostMatlabMessage(Ljava/lang/Object;J)V
J  com.mathworks.jmi.MatlabMCR.postAsync(Lcom/mathworks/services/message/MWMessage;Lcom/mathworks/jmi/CompletionObserver;Lcom/mathworks/jmi/MatlabListener;)V
j  com.mathworks.jmi.MatlabMCR.stderrString(Ljava/lang/String;)V+42
j  com.mathworks.jmi.MatlabErrStream.flush()V+19
j  java.io.PrintStream.write([BII)V+30
j  sun.nio.cs.StreamEncoder.writeBytes()V+120
j  sun.nio.cs.StreamEncoder.implFlushBuffer()V+11
j  sun.nio.cs.StreamEncoder.flushBuffer()V+15
j  java.io.OutputStreamWriter.flushBuffer()V+4
j  java.io.PrintStream.write(Ljava/lang/String;)V+27
j  java.io.PrintStream.print(Ljava/lang/String;)V+9
j  java.io.PrintStream.println(Ljava/lang/Object;)V+11
j  java.lang.Throwable.printStackTrace(Ljava/io/PrintStream;)V+6
j  java.lang.Throwable.printStackTrace()V+4
v  ~StubRoutines::call_stub
J  com.mathworks.jmi.NativeMatlab.PostMatlabMessage(Ljava/lang/Object;J)V
J  com.mathworks.jmi.MatlabMCR.postAsync(Lcom/mathworks/services/message/MWMessage;Lcom/mathworks/jmi/CompletionObserver;Lcom/mathworks/jmi/MatlabListener;)V
j  com.mathworks.jmi.MatlabMCR.stderrString(Ljava/lang/String;)V+42
j  com.mathworks.jmi.MatlabErrStream.flush()V+19
j  java.io.PrintStream.write([BII)V+30
j  sun.nio.cs.StreamEncoder.writeBytes()V+120
j  sun.nio.cs.StreamEncoder.implFlushBuffer()V+11
j  sun.nio.cs.StreamEncoder.flushBuffer()V+15
j  java.io.OutputStreamWriter.flushBuffer()V+4
j  java.io.PrintStream.write(Ljava/lang/String;)V+27
j  java.io.PrintStream.print(Ljava/lang/String;)V+9
j  java.io.PrintStream.println(Ljava/lang/Object;)V+11
j  java.lang.Throwable.printStackTrace(Ljava/io/PrintStream;)V+6
j  java.lang.Throwable.printStackTrace()V+4
v  ~StubRoutines::call_stub
J  com.mathworks.jmi.NativeMatlab.PostMatlabMessage(Ljava/lang/Object;J)V
J  com.mathworks.jmi.MatlabMCR.postAsync(Lcom/mathworks/services/message/MWMessage;Lcom/mathworks/jmi/CompletionObserver;Lcom/mathworks/jmi/MatlabListener;)V
j  com.mathworks.jmi.MatlabMCR.stderrString(Ljava/lang/String;)V+42
j  com.mathworks.jmi.MatlabErrStream.flush()V+19
j  java.io.PrintStream.write([BII)V+30
j  sun.nio.cs.StreamEncoder.writeBytes()V+120
j  sun.nio.cs.StreamEncoder.implFlushBuffer()V+11
j  sun.nio.cs.StreamEncoder.flushBuffer()V+15
j  java.io.OutputStreamWriter.flushBuffer()V+4
j  java.io.PrintStream.write(Ljava/lang/String;)V+27
j  java.io.PrintStream.print(Ljava/lang/String;)V+9
j  java.io.PrintStream.println(Ljava/lang/Object;)V+11
j  java.lang.Throwable.printStackTrace(Ljava/io/PrintStream;)V+6
j  java.lang.Throwable.printStackTrace()V+4
v  ~StubRoutines::call_stub

---------------  P R O C E S S  ---------------

Java Threads: ( => current thread )
  0x0000000031038400 JavaThread "AWT-EventQueue-0" [_thread_blocked, id=17148]
  0x000000001165f400 JavaThread "Thread-760" [_thread_blocked, id=7128]
  0x000000001165e800 JavaThread "Prefs Updater" [_thread_blocked, id=7024]
  0x0000000011660400 JavaThread "MultiThreadedHttpConnectionManager cleanup" daemon [_thread_blocked, id=1880]
  0x000000001165e000 JavaThread "Timer queue for AWT thread" daemon [_thread_blocked, id=7816]
  0x000000001165d800 JavaThread "Thread-15" [_thread_blocked, id=11792]
  0x000000001165d000 JavaThread "Thread-14" [_thread_blocked, id=13168]
  0x000000001165cc00 JavaThread "Thread-13" [_thread_blocked, id=10624]
  0x000000001165c400 JavaThread "Thread-12" [_thread_blocked, id=4556]
  0x000000001165bc00 JavaThread "Thread-11" [_thread_blocked, id=11192]
  0x000000001165b400 JavaThread "Thread-10" [_thread_blocked, id=11408]
  0x000000001165b000 JavaThread "Thread-9" [_thread_blocked, id=12520]
  0x000000001165a800 JavaThread "Thread-8" [_thread_blocked, id=12084]
  0x000000001165a000 JavaThread "Thread-7" [_thread_blocked, id=10052]
  0x0000000011659800 JavaThread "Thread-6" [_thread_blocked, id=11584]
  0x0000000011659400 JavaThread "Active Reference Queue Daemon" daemon [_thread_blocked, id=12388]
  0x0000000011658c00 JavaThread "Timer-2" daemon [_thread_blocked, id=9256]
  0x000000001143f000 JavaThread "Timer-1" daemon [_thread_blocked, id=3600]
  0x000000001168c000 JavaThread "TimerQueue" daemon [_thread_blocked, id=12656]
  0x000000000f9f5800 JavaThread "AWT-Shutdown" [_thread_blocked, id=7516]
  0x00000000112da400 JavaThread "AWT-Windows" daemon [_thread_in_native, id=5968]
  0x000000000fdae400 JavaThread "Java2D Disposer" daemon [_thread_blocked, id=11436]
  0x000000000fa1a800 JavaThread "Timer-0" [_thread_blocked, id=10976]
  0x000000000f9dfc00 JavaThread "Low Memory Detector" daemon [_thread_blocked, id=12132]
  0x000000000f9d9800 JavaThread "CompilerThread1" daemon [_thread_blocked, id=12512]
  0x000000000f9d6c00 JavaThread "CompilerThread0" daemon [_thread_blocked, id=12308]
  0x000000000f9d2c00 JavaThread "Attach Listener" daemon [_thread_blocked, id=12168]
  0x000000000f9a7800 JavaThread "Finalizer" daemon [_thread_blocked, id=12124]
  0x000000000f9a6c00 JavaThread "Reference Handler" daemon [_thread_blocked, id=5064]
=>0x0000000003eef000 JavaThread "main" [_thread_in_native, id=11176]

Other Threads:
  0x000000000f9a3000 VMThread [id=10960]
  0x000000000f9e5c00 WatcherThread [id=12228]

VM state:not at safepoint (normal execution)

VM Mutex/Monitor currently owned by a thread: None

Heap
 PSYoungGen      total 46912K, used 43775K [0x00000000265a0000, 0x00000000296a0000, 0x00000000296a0000)
  eden space 43776K, 99% used [0x00000000265a0000,0x000000002905ffa8,0x0000000029060000)
  from space 3136K, 0% used [0x0000000029060000,0x0000000029060000,0x0000000029370000)
  to   space 3136K, 0% used [0x0000000029390000,0x0000000029390000,0x00000000296a0000)
 PSOldGen        total 150528K, used 150528K [0x000000001d2a0000, 0x00000000265a0000, 0x00000000265a0000)
  object space 150528K, 100% used [0x000000001d2a0000,0x00000000265a0000,0x00000000265a0000)
 PSPermGen       total 57920K, used 57863K [0x00000000152a0000, 0x0000000018b30000, 0x000000001d2a0000)
  object space 57920K, 99% used [0x00000000152a0000,0x0000000018b21e70,0x0000000018b30000)

Dynamic libraries:
0x0000000140000000 - 0x0000000140138000 	C:\Program Files\MATLAB\R2008a\bin\win64\MATLAB.exe
0x0000000076ec0000 - 0x0000000077069000 	C:\Windows\SYSTEM32\ntdll.dll
0x0000000076ca0000 - 0x0000000076dbf000 	C:\Windows\system32\kernel32.dll
0x000007fefcf50000 - 0x000007fefcfbb000 	C:\Windows\system32\KERNELBASE.dll
0x0000000180000000 - 0x0000000180401000 	C:\Program Files\MATLAB\R2008a\bin\win64\libut.dll
0x000007fefd040000 - 0x000007fefd059000 	C:\Windows\system32\imagehlp.dll
0x000007feff130000 - 0x000007feff1cf000 	C:\Windows\system32\msvcrt.dll
0x000007fefe830000 - 0x000007fefe90b000 	C:\Windows\system32\ADVAPI32.dll
0x000007fefe380000 - 0x000007fefe39f000 	C:\Windows\SYSTEM32\sechost.dll
0x000007fefde00000 - 0x000007fefdf2d000 	C:\Windows\system32\RPCRT4.dll
0x0000000077080000 - 0x0000000077087000 	C:\Windows\system32\PSAPI.DLL
0x00000000010d0000 - 0x00000000010f8000 	C:\Program Files\MATLAB\R2008a\bin\win64\LIBEXPAT.dll
0x000000006c840000 - 0x000000006c909000 	C:\Windows\WinSxS\amd64_microsoft.vc80.crt_1fc8b3b9a1e18e3b_8.0.50727.6195_none_88e41e092fab0294\MSVCR80.dll
0x000000004a800000 - 0x000000004a917000 	C:\Program Files\MATLAB\R2008a\bin\win64\icuuc36.dll
0x0000000001120000 - 0x0000000001123000 	C:\Program Files\MATLAB\R2008a\bin\win64\icudt36.dll
0x000000004ab00000 - 0x000000004ab0f000 	C:\Program Files\MATLAB\R2008a\bin\win64\icuio36.dll
0x0000000001290000 - 0x0000000001396000 	C:\Program Files\MATLAB\R2008a\bin\win64\icuin36.dll
0x000000006c730000 - 0x000000006c839000 	C:\Windows\WinSxS\amd64_microsoft.vc80.crt_1fc8b3b9a1e18e3b_8.0.50727.6195_none_88e41e092fab0294\MSVCP80.dll
0x0000000076dc0000 - 0x0000000076eba000 	C:\Windows\system32\USER32.dll
0x000007fefe710000 - 0x000007fefe777000 	C:\Windows\system32\GDI32.dll
0x000007fefddf0000 - 0x000007fefddfe000 	C:\Windows\system32\LPK.dll
0x000007fefebb0000 - 0x000007fefec79000 	C:\Windows\system32\USP10.dll
0x00000000013a0000 - 0x0000000001514000 	C:\Program Files\MATLAB\R2008a\bin\win64\libmwservices.dll
0x0000000001520000 - 0x0000000001590000 	C:\Program Files\MATLAB\R2008a\bin\win64\libmx.dll
0x0000000001590000 - 0x00000000015a7000 	C:\Program Files\MATLAB\R2008a\bin\win64\zlib1.dll
0x00000000015b0000 - 0x0000000001658000 	C:\Program Files\MATLAB\R2008a\bin\win64\libmwmathutil.dll
0x0000000001660000 - 0x00000000016b5000 	C:\Program Files\MATLAB\R2008a\bin\win64\mpath.dll
0x00000000016d0000 - 0x00000000016f1000 	C:\Program Files\MATLAB\R2008a\bin\win64\mlutil.dll
0x000007fef2c40000 - 0x000007fef2ce0000 	C:\Windows\WinSxS\amd64_microsoft.windows.common-controls_6595b64144ccf1df_5.82.7601.17514_none_a4d6a923711520a9\COMCTL32.dll
0x000007fefe790000 - 0x000007fefe827000 	C:\Windows\system32\comdlg32.dll
0x000007fefdf30000 - 0x000007fefdfa1000 	C:\Windows\system32\SHLWAPI.dll
0x000007fefd060000 - 0x000007fefdde8000 	C:\Windows\system32\SHELL32.dll
0x000007fefa720000 - 0x000007fefa736000 	C:\Windows\system32\NETAPI32.dll
0x000007fefc0b0000 - 0x000007fefc0bc000 	C:\Windows\system32\netutils.dll
0x000007fefc960000 - 0x000007fefc983000 	C:\Windows\system32\srvcli.dll
0x000007fefa700000 - 0x000007fefa715000 	C:\Windows\system32\wkscli.dll
0x000007fefe910000 - 0x000007fefe95d000 	C:\Windows\system32\WS2_32.dll
0x000007fefe780000 - 0x000007fefe788000 	C:\Windows\system32\NSI.dll
0x0000000001710000 - 0x0000000001765000 	C:\Program Files\MATLAB\R2008a\bin\win64\mcr.dll
0x0000000001780000 - 0x00000000017a5000 	C:\Program Files\MATLAB\R2008a\bin\win64\iqm.dll
0x00000000017c0000 - 0x00000000017e1000 	C:\Program Files\MATLAB\R2008a\bin\win64\bridge.dll
0x0000000001800000 - 0x0000000001811000 	C:\Program Files\MATLAB\R2008a\bin\win64\libmex.dll
0x0000000001830000 - 0x00000000018bc000 	C:\Program Files\MATLAB\R2008a\bin\win64\m_dispatcher.dll
0x00000000018d0000 - 0x00000000018f5000 	C:\Program Files\MATLAB\R2008a\bin\win64\datasvcs.dll
0x0000000012000000 - 0x0000000012295000 	C:\Program Files\MATLAB\R2008a\bin\win64\xerces-c_2_7.dll
0x0000000001920000 - 0x00000000021b1000 	C:\Program Files\MATLAB\R2008a\bin\win64\m_interpreter.dll
0x00000000021d0000 - 0x0000000002201000 	C:\Program Files\MATLAB\R2008a\bin\win64\libmat.dll
0x0000000002220000 - 0x0000000002325000 	C:\Program Files\MATLAB\R2008a\bin\win64\libhdf5.dll
0x0000000002330000 - 0x000000000239f000 	C:\Program Files\MATLAB\R2008a\bin\win64\profiler.dll
0x00000000023b0000 - 0x00000000023ba000 	C:\Program Files\MATLAB\R2008a\bin\win64\libmwmathrng.dll
0x00000000023d0000 - 0x00000000023ea000 	C:\Program Files\MATLAB\R2008a\bin\win64\m_pcodeio.dll
0x0000000002400000 - 0x000000000244a000 	C:\Program Files\MATLAB\R2008a\bin\win64\m_ir.dll
0x0000000002460000 - 0x0000000002a1b000 	C:\Program Files\MATLAB\R2008a\bin\win64\m_parser.dll
0x0000000002a30000 - 0x0000000002a42000 	C:\Program Files\MATLAB\R2008a\bin\win64\ir_xfmr.dll
0x0000000002a60000 - 0x0000000002c7b000 	C:\Program Files\MATLAB\R2008a\bin\win64\mcos.dll
0x0000000002c90000 - 0x0000000002c9c000 	C:\Program Files\MATLAB\R2008a\bin\win64\mtok.dll
0x0000000002cb0000 - 0x0000000002cd0000 	C:\Program Files\MATLAB\R2008a\bin\win64\m_pcodegen.dll
0x000007fef9d40000 - 0x000007fef9e65000 	C:\Windows\system32\dbghelp.dll
0x0000000002ce0000 - 0x0000000002cf0000 	C:\Program Files\MATLAB\R2008a\bin\win64\boost_thread-vc80-mt-1_34_1.dll
0x0000000002d00000 - 0x0000000002dc0000 	C:\Program Files\MATLAB\R2008a\bin\win64\udd.dll
0x0000000002dd0000 - 0x0000000002f12000 	C:\Program Files\MATLAB\R2008a\bin\win64\libmwgui.dll
0x0000000002f30000 - 0x000000000316a000 	C:\Program Files\MATLAB\R2008a\bin\win64\hg.dll
0x0000000003180000 - 0x00000000031d6000 	C:\Program Files\MATLAB\R2008a\bin\win64\jmi.dll
0x00000000031f0000 - 0x000000000322e000 	C:\Program Files\MATLAB\R2008a\bin\win64\libmwhardcopy.dll
0x0000000003240000 - 0x000000000329c000 	C:\Program Files\MATLAB\R2008a\bin\win64\libuij.dll
0x00000000032b0000 - 0x000000000353c000 	C:\Program Files\MATLAB\R2008a\bin\win64\numerics.dll
0x0000000003550000 - 0x000000000355c000 	C:\Program Files\MATLAB\R2008a\bin\win64\libmwblas.dll
0x0000000003570000 - 0x000000000357f000 	C:\Program Files\MATLAB\R2008a\bin\win64\libmwbinder.dll
0x0000000003590000 - 0x00000000035b4000 	C:\Program Files\MATLAB\R2008a\bin\win64\libmwlapack.dll
0x00000000035d0000 - 0x00000000035db000 	C:\Program Files\MATLAB\R2008a\bin\win64\libmwfftw.dll
0x00000000035f0000 - 0x0000000003625000 	C:\Program Files\MATLAB\R2008a\bin\win64\libmwrookfastbp.dll
0x0000000003640000 - 0x000000000366e000 	C:\Program Files\MATLAB\R2008a\bin\win64\libmwma57.dll
0x0000000010000000 - 0x00000000100d3000 	C:\Program Files\MATLAB\R2008a\bin\win64\libifcoremd.dll
0x0000000003680000 - 0x000000000389d000 	C:\Program Files\MATLAB\R2008a\bin\win64\libmmd.dll
0x00000000038a0000 - 0x00000000038a9000 	C:\Program Files\MATLAB\R2008a\bin\win64\libmwcsparse.dll
0x00000000038c0000 - 0x000000000398a000 	C:\Program Files\MATLAB\R2008a\bin\win64\libmwumfpack.dll
0x00000000039a0000 - 0x00000000039ad000 	C:\Program Files\MATLAB\R2008a\bin\win64\libmwamd.dll
0x00000000039c0000 - 0x0000000003a52000 	C:\Program Files\MATLAB\R2008a\bin\win64\libmwcholmod.dll
0x0000000003a70000 - 0x0000000003a7c000 	C:\Program Files\MATLAB\R2008a\bin\win64\libmwcolamd.dll
0x0000000003a90000 - 0x0000000003b49000 	C:\Program Files\MATLAB\R2008a\bin\win64\uiw.dll
0x0000000003b60000 - 0x0000000003b6a000 	C:\Program Files\MATLAB\R2008a\bin\win64\uinone.dll
0x0000000066c70000 - 0x0000000066e0c000 	C:\Windows\WinSxS\amd64_microsoft.vc80.mfc_1fc8b3b9a1e18e3b_8.0.50727.6195_none_8448b2bd328df189\MFC80.DLL
0x000007fefa890000 - 0x000007fefa901000 	C:\Windows\system32\WINSPOOL.DRV
0x000007fefe170000 - 0x000007fefe373000 	C:\Windows\system32\ole32.dll
0x000007fefeec0000 - 0x000007fefef97000 	C:\Windows\system32\OLEAUT32.dll
0x0000000003b80000 - 0x0000000003c10000 	C:\Program Files\MATLAB\R2008a\bin\win64\udd_mi.dll
0x0000000003c20000 - 0x0000000003c38000 	C:\Program Files\MATLAB\R2008a\bin\win64\mwoles05.DLL
0x0000000003c50000 - 0x0000000003cb9000 	C:\Program Files\MATLAB\R2008a\bin\win64\comcli.dll
0x0000000067130000 - 0x0000000067150000 	C:\Windows\WinSxS\amd64_microsoft.vc80.atl_1fc8b3b9a1e18e3b_8.0.50727.6195_none_8a1dd9552ed7f8d8\ATL80.DLL
0x0000000003cd0000 - 0x0000000003cde000 	C:\Program Files\MATLAB\R2008a\bin\win64\mlautoregister.dll
0x000007fefe030000 - 0x000007fefe05e000 	C:\Windows\system32\IMM32.DLL
0x000007fefe060000 - 0x000007fefe169000 	C:\Windows\system32\MSCTF.dll
0x0000000007080000 - 0x0000000007a4e000 	C:\Program Files\MATLAB\R2008a\bin\win64\mkl.dll
0x0000000003e60000 - 0x0000000003eab000 	C:\Program Files\MATLAB\R2008a\bin\win64\libguide40.dll
0x0000000003e20000 - 0x0000000003e28000 	C:\Program Files\MATLAB\R2008a\bin\win64\mklcompat.dll
0x0000000007a50000 - 0x0000000007ff7000 	C:\Program Files\MATLAB\R2008a\bin\win64\mllapack.dll
0x0000000006bc0000 - 0x0000000006cb4000 	C:\Program Files\MATLAB\R2008a\bin\win64\libfftw3i.dll
0x0000000006d70000 - 0x0000000006e5e000 	C:\Program Files\MATLAB\R2008a\bin\win64\libfftw3f.dll
0x0000000074920000 - 0x000000007492d000 	C:\Windows\WinSxS\amd64_microsoft.vc80.mfcloc_1fc8b3b9a1e18e3b_8.0.50727.6195_none_bc20f59b0bdd1acd\MFC80ENU.DLL
0x000007fefb120000 - 0x000007fefb176000 	C:\Windows\system32\uxtheme.dll
0x000007fefcc80000 - 0x000007fefcc8f000 	C:\Windows\system32\profapi.dll
0x000007fefcae0000 - 0x000007fefcaef000 	C:\Windows\system32\CRYPTBASE.dll
0x000007fefbca0000 - 0x000007fefbe94000 	C:\Windows\WinSxS\amd64_microsoft.windows.common-controls_6595b64144ccf1df_6.0.7601.17514_none_fa396087175ac9ac\comctl32.dll
0x000007fefece0000 - 0x000007fefeeb7000 	C:\Windows\system32\SETUPAPI.dll
0x000007fefcfd0000 - 0x000007fefd006000 	C:\Windows\system32\CFGMGR32.dll
0x000007fefd020000 - 0x000007fefd03a000 	C:\Windows\system32\DEVOBJ.dll
0x000007fefe3a0000 - 0x000007fefe439000 	C:\Windows\system32\CLBCatQ.DLL
0x000007fefb1a0000 - 0x000007fefb2cc000 	C:\Windows\system32\propsys.dll
0x000007fefb9d0000 - 0x000007fefb9fd000 	C:\Windows\system32\ntmarta.dll
0x000007fefec80000 - 0x000007fefecd2000 	C:\Windows\system32\WLDAP32.dll
0x000007fef91c0000 - 0x000007fef91e7000 	C:\Windows\system32\iphlpapi.dll
0x000007fef91b0000 - 0x000007fef91bb000 	C:\Windows\system32\WINNSI.DLL
0x000007fefc270000 - 0x000007fefc2cb000 	C:\Windows\system32\DNSAPI.dll
0x000007fef8d60000 - 0x000007fef8d78000 	C:\Windows\system32\dhcpcsvc.DLL
0x000007fef8dc0000 - 0x000007fef8dd1000 	C:\Windows\system32\dhcpcsvc6.DLL
0x000007fefca50000 - 0x000007fefca75000 	C:\Windows\system32\SspiCli.dll
0x000000006c560000 - 0x000000006c563000 	C:\Windows\system32\icmp.Dll
0x000000000efa0000 - 0x000000000f4f1000 	C:\Program Files\MATLAB\R2008a\sys\java\jre\win64\jre1.6.0\bin\server\jvm.dll
0x000007fefa7f0000 - 0x000007fefa82b000 	C:\Windows\system32\WINMM.dll
0x000007fee6f60000 - 0x000007fee6f9f000 	C:\Program Files\Lenovo\Bluetooth Software\btmmhook.dll
0x0000000006d20000 - 0x0000000006d2a000 	C:\Program Files\MATLAB\R2008a\sys\java\jre\win64\jre1.6.0\bin\hpi.dll
0x0000000006d40000 - 0x0000000006d4e000 	C:\Program Files\MATLAB\R2008a\sys\java\jre\win64\jre1.6.0\bin\verify.dll
0x0000000008100000 - 0x0000000008127000 	C:\Program Files\MATLAB\R2008a\sys\java\jre\win64\jre1.6.0\bin\java.dll
0x0000000006e60000 - 0x0000000006e72000 	C:\Program Files\MATLAB\R2008a\sys\java\jre\win64\jre1.6.0\bin\zip.dll
0x00000000089e0000 - 0x00000000089f6000 	C:\Program Files\MATLAB\R2008a\bin\win64\nativejava.dll
0x000000000aec0000 - 0x000000000aed6000 	C:\Program Files\MATLAB\R2008a\bin\win64\nativejmi.dll
0x000000000aee0000 - 0x000000000aee7000 	C:\Program Files\MATLAB\R2008a\bin\win64\nativeservices.dll
0x00000000118e0000 - 0x0000000011b30000 	C:\Program Files\MATLAB\R2008a\sys\java\jre\win64\jre1.6.0\bin\awt.dll

VM Arguments:
jvm_args: -Xss512k -XX:PermSize=32M -Xms64m -XX:NewRatio=3 -XX:MaxPermSize=128M -Xmx196m -XX:MaxDirectMemorySize=2147400000 -Dsun.java2d.noddraw=true -Dsun.awt.nopixfmt=true -Xshare:off -Xrs -Djava.library.path=C:\Program Files\MATLAB\R2008a\bin\win64 vfprintf abort
java_command: <unknown>
Launcher Type: generic

Environment Variables:
PATH=C:\ProgramData\Oracle\Java\javapath;C:\Program Files (x86)\Intel\iCLS Client\;C:\Program Files\Intel\iCLS Client\;C:\Windows\system32;C:\Windows;C:\Windows\System32\Wbem;C:\Windows\System32\WindowsPowerShell\v1.0\;C:\Program Files\Intel\Intel(R) Management Engine Components\DAL;C:\Program Files\Intel\Intel(R) Management Engine Components\IPT;C:\Program Files (x86)\Intel\Intel(R) Management Engine Components\DAL;C:\Program Files (x86)\Intel\Intel(R) Management Engine Components\IPT;C:\Program Files\Intel\WiFi\bin\;C:\Program Files\Common Files\Intel\WirelessCommon\;C:\Program Files\Lenovo\Bluetooth Software\;C:\Program Files\Lenovo\Bluetooth Software\syswow64;C:\Program Files\MATLAB\R2008a\bin;C:\Program Files\MATLAB\R2008a\bin\win64;C:\Program Files (x86)\MATLAB\MATLAB Component Runtime\v76\runtime\win32;C:\Program Files (x86)\Skype\Phone\;;C:\Users\Nisreen.Atrash\AppData\Local\Google\Cloud SDK\google-cloud-sdk\bin
USERNAME=Nisreen.Atrash
OS=Windows_NT
PROCESSOR_IDENTIFIER=Intel64 Family 6 Model 69 Stepping 1, GenuineIntel



---------------  S Y S T E M  ---------------

OS: Windows NT 6.1 Build 7601 Service Pack 1

CPU:total 4 em64t ht

Memory: 4k page, physical 8302960k(1139560k free), swap 16604064k(4879820k free)

vm_info: Java HotSpot(TM) 64-Bit Server VM (1.6.0-b105) for windows-amd64, built on Nov 29 2006 00:38:01 by "java_re" with unknown MS VC++:1400

